0 verbose cli /data/data/com.termux/files/usr/bin/node /data/data/com.termux/files/usr/bin/npm
1 info using npm@8.12.1
2 info using node@v18.4.0
3 timing npm:load:whichnode Completed in 1ms
4 timing config:load:defaults Completed in 6ms
5 timing config:load:file:/data/data/com.termux/files/usr/lib/node_modules/npm/npmrc Completed in 3ms
6 timing config:load:builtin Completed in 4ms
7 timing config:load:cli Completed in 7ms
8 timing config:load:env Completed in 2ms
9 timing config:load:project Completed in 2ms
10 timing config:load:file:/data/data/com.termux/files/home/.npmrc Completed in 5ms
11 timing config:load:user Completed in 6ms
12 timing config:load:file:/data/data/com.termux/files/usr/etc/npmrc Completed in 0ms
13 timing config:load:global Completed in 1ms
14 timing config:load:validate Completed in 1ms
15 timing config:load:credentials Completed in 5ms
16 timing config:load:setEnvs Completed in 4ms
17 timing config:load Completed in 39ms
18 timing npm:load:configload Completed in 41ms
19 timing npm:load:mkdirpcache Completed in 3ms
20 timing npm:load:mkdirplogs Completed in 1ms
21 verbose title npm install typescript
22 verbose argv "install" "--global" "typescript"
23 timing npm:load:setTitle Completed in 4ms
24 timing config:load:flatten Completed in 11ms
25 timing npm:load:display Completed in 17ms
26 verbose logfile logs-max:10 dir:/data/data/com.termux/files/home/.npm/_logs
27 verbose logfile /data/data/com.termux/files/home/.npm/_logs/2022-07-22T03_48_44_443Z-debug-0.log
28 timing npm:load:logFile Completed in 24ms
29 timing npm:load:timers Completed in 0ms
30 timing npm:load:configScope Completed in 1ms
31 timing npm:load Completed in 93ms
32 timing arborist:ctor Completed in 2ms
33 silly logfile done cleaning log files
34 timing idealTree:init Completed in 21ms
35 timing idealTree:userRequests Completed in 8ms
36 silly idealTree buildDeps
37 silly fetch manifest typescript@*
38 http fetch GET 200 https://registry.npmjs.org/typescript 3749ms (cache miss)
39 silly placeDep ROOT typescript@4.7.4 OK for:  want: *
40 timing idealTree:#root Completed in 3946ms
41 timing idealTree:node_modules/typescript Completed in 0ms
42 timing idealTree:buildDeps Completed in 3951ms
43 timing idealTree:fixDepFlags Completed in 2ms
44 timing idealTree Completed in 3993ms
45 timing reify:loadTrees Completed in 4011ms
46 timing reify:diffTrees Completed in 5ms
47 silly reify moves {}
48 timing reify:retireShallow Completed in 5ms
49 timing reify:createSparse Completed in 2ms
50 timing reify:loadBundles Completed in 0ms
51 silly audit bulk request { typescript: [ '4.7.4' ] }
52 silly tarball no local data for typescript@https://registry.npmjs.org/typescript/-/typescript-4.7.4.tgz. Extracting by manifest.
53 http fetch POST 200 https://registry.npmjs.org/-/npm/v1/security/advisories/bulk 405ms
54 timing auditReport:getReport Completed in 411ms
55 silly audit report {}
56 timing auditReport:init Completed in 0ms
57 timing reify:audit Completed in 414ms
58 http fetch GET 200 https://registry.npmjs.org/typescript/-/typescript-4.7.4.tgz 3315ms (cache miss)
59 timing reifyNode:node_modules/typescript Completed in 3352ms
60 timing reify:unpack Completed in 3354ms
61 timing reify:unretire Completed in 1ms
62 timing build:queue Completed in 3ms
63 timing build:link:node_modules/typescript Completed in 8ms
64 timing build:link Completed in 9ms
65 timing build:deps Completed in 13ms
66 timing build Completed in 13ms
67 timing reify:build Completed in 15ms
68 timing reify:trash Completed in 0ms
69 timing reify Completed in 7446ms
70 silly ADD node_modules/typescript
71 timing command:install Completed in 7466ms
72 verbose exit 0
73 timing npm Completed in 7882ms
74 info ok
