0 verbose cli /data/data/com.termux/files/usr/bin/node /data/data/com.termux/files/usr/bin/npm
1 info using npm@8.12.1
2 info using node@v18.4.0
3 timing npm:load:whichnode Completed in 2ms
4 timing config:load:defaults Completed in 8ms
5 timing config:load:file:/data/data/com.termux/files/usr/lib/node_modules/npm/npmrc Completed in 4ms
6 timing config:load:builtin Completed in 5ms
7 timing config:load:cli Completed in 5ms
8 timing config:load:env Completed in 2ms
9 timing config:load:file:/.npmrc Completed in 1ms
10 timing config:load:project Completed in 3ms
11 timing config:load:file:/data/data/com.termux/files/home/.npmrc Completed in 1ms
12 timing config:load:user Completed in 2ms
13 timing config:load:file:/data/data/com.termux/files/usr/etc/npmrc Completed in 0ms
14 timing config:load:global Completed in 2ms
15 timing config:load:validate Completed in 0ms
16 timing config:load:credentials Completed in 9ms
17 timing config:load:setEnvs Completed in 4ms
18 timing config:load Completed in 42ms
19 timing npm:load:configload Completed in 42ms
20 timing npm:load:mkdirpcache Completed in 6ms
21 timing npm:load:mkdirplogs Completed in 3ms
22 verbose title npm config set foreground-scripts true
23 verbose argv "config" "set" "foreground-scripts" "true"
24 timing npm:load:setTitle Completed in 5ms
25 timing config:load:flatten Completed in 13ms
26 timing npm:load:display Completed in 20ms
27 verbose logfile logs-max:10 dir:/data/data/com.termux/files/home/.npm/_logs
28 verbose logfile /data/data/com.termux/files/home/.npm/_logs/2022-07-21T05_00_19_289Z-debug-0.log
29 timing npm:load:logFile Completed in 26ms
30 timing npm:load:timers Completed in 0ms
31 timing npm:load:configScope Completed in 0ms
32 timing npm:load Completed in 108ms
33 info config set "foreground-scripts" "true"
34 silly logfile done cleaning log files
35 timing config:load:flatten Completed in 2ms
36 timing command:config Completed in 270ms
37 verbose exit 0
38 timing npm Completed in 403ms
39 info ok
