0 verbose cli /data/data/com.termux/files/usr/bin/node /data/data/com.termux/files/usr/bin/npm
1 info using npm@8.12.1
2 info using node@v18.4.0
3 timing npm:load:whichnode Completed in 1ms
4 timing config:load:defaults Completed in 6ms
5 timing config:load:file:/data/data/com.termux/files/usr/lib/node_modules/npm/npmrc Completed in 3ms
6 timing config:load:builtin Completed in 4ms
7 timing config:load:cli Completed in 5ms
8 timing config:load:env Completed in 1ms
9 timing config:load:file:/data/data/com.termux/files/home/ZackBotMans/.npmrc Completed in 0ms
10 timing config:load:project Completed in 7ms
11 timing config:load:file:/data/data/com.termux/files/home/.npmrc Completed in 5ms
12 timing config:load:user Completed in 6ms
13 timing config:load:file:/data/data/com.termux/files/usr/etc/npmrc Completed in 1ms
14 timing config:load:global Completed in 1ms
15 timing config:load:validate Completed in 2ms
16 timing config:load:credentials Completed in 3ms
17 timing config:load:setEnvs Completed in 4ms
18 timing config:load Completed in 41ms
19 timing npm:load:configload Completed in 42ms
20 timing npm:load:mkdirpcache Completed in 3ms
21 timing npm:load:mkdirplogs Completed in 1ms
22 verbose title npm run build:tsc
23 verbose argv "run" "build:tsc"
24 timing npm:load:setTitle Completed in 3ms
25 timing config:load:flatten Completed in 11ms
26 timing npm:load:display Completed in 17ms
27 verbose logfile logs-max:10 dir:/data/data/com.termux/files/home/.npm/_logs
28 verbose logfile /data/data/com.termux/files/home/.npm/_logs/2022-07-22T03_49_36_891Z-debug-0.log
29 timing npm:load:logFile Completed in 19ms
30 timing npm:load:timers Completed in 1ms
31 timing npm:load:configScope Completed in 0ms
32 timing npm:load Completed in 89ms
33 silly logfile done cleaning log files
34 timing command:run Completed in 21ms
35 verbose stack Error: Missing script: "build:tsc"
35 verbose stack
35 verbose stack To see a list of scripts, run:
35 verbose stack   npm run
35 verbose stack     at RunScript.run (/data/data/com.termux/files/usr/lib/node_modules/npm/lib/commands/run-script.js:97:13)
35 verbose stack     at async module.exports (/data/data/com.termux/files/usr/lib/node_modules/npm/lib/cli.js:78:5)
36 verbose cwd /data/data/com.termux/files/home/ZackBotMans
37 verbose Linux 4.14.141-ga6079fd
38 verbose node v18.4.0
39 verbose npm  v8.12.1
40 error Missing script: "build:tsc"
40 error
40 error To see a list of scripts, run:
40 error   npm run
41 verbose exit 1
42 timing npm Completed in 154ms
43 verbose code 1
44 error A complete log of this run can be found in:
44 error     /data/data/com.termux/files/home/.npm/_logs/2022-07-22T03_49_36_891Z-debug-0.log
